<?xml version="1.0" encoding="UTF-8"?>
<!-- Generated by org.testng.reporters.JUnitXMLReporter -->
<testsuite ignored="0" hostname="PSPLLAP32" failures="0" tests="5" name="Default test" time="6.134" errors="0" timestamp="2026-06-19T13:13:03 IST">
  <testcase classname="chedr.Authtests" name="testopenapp" time="3.248"/>
  <testcase classname="chedr.Authtests" name="testlogin" time="1.269"/>
  <testcase classname="chedr.Authtests" name="getUsername" time="0.828"/>
  <testcase classname="chedr.Authtests" name="testlogout" time="0.376"/>
  <testcase classname="chedr.Authtests" name="testquit" time="0.296"/>
</testsuite> <!-- Default test -->
