<?xml version="1.0" encoding="UTF-8"?>
<testng-results ignored="0" total="5" passed="5" failed="0" skipped="0">
  <reporter-output>
  </reporter-output>
  <suite started-at="2026-06-19T13:12:57 IST" name="Default suite" finished-at="2026-06-19T13:13:03 IST" duration-ms="6134">
    <groups>
    </groups>
    <test started-at="2026-06-19T13:12:57 IST" name="Default test" finished-at="2026-06-19T13:13:03 IST" duration-ms="6134">
      <class name="chedr.Authtests">
        <test-method signature="testopenapp()[pri:0, instance:chedr.Authtests@692f203f]" started-at="2026-06-19T13:12:57 IST" name="testopenapp" finished-at="2026-06-19T13:13:00 IST" duration-ms="3248" status="PASS">
          <reporter-output>
          </reporter-output>
        </test-method> <!-- testopenapp -->
        <test-method signature="testlogin()[pri:1, instance:chedr.Authtests@692f203f]" started-at="2026-06-19T13:13:00 IST" name="testlogin" finished-at="2026-06-19T13:13:02 IST" duration-ms="1269" status="PASS">
          <reporter-output>
          </reporter-output>
        </test-method> <!-- testlogin -->
        <test-method signature="getUsername()[pri:2, instance:chedr.Authtests@692f203f]" started-at="2026-06-19T13:13:02 IST" name="getUsername" finished-at="2026-06-19T13:13:02 IST" duration-ms="828" status="PASS">
          <reporter-output>
          </reporter-output>
        </test-method> <!-- getUsername -->
        <test-method signature="testlogout()[pri:3, instance:chedr.Authtests@692f203f]" started-at="2026-06-19T13:13:02 IST" name="testlogout" finished-at="2026-06-19T13:13:03 IST" duration-ms="376" status="PASS">
          <reporter-output>
          </reporter-output>
        </test-method> <!-- testlogout -->
        <test-method signature="testquit()[pri:4, instance:chedr.Authtests@692f203f]" started-at="2026-06-19T13:13:03 IST" name="testquit" finished-at="2026-06-19T13:13:03 IST" duration-ms="296" status="PASS">
          <reporter-output>
          </reporter-output>
        </test-method> <!-- testquit -->
      </class> <!-- chedr.Authtests -->
    </test> <!-- Default test -->
  </suite> <!-- Default suite -->
</testng-results>
