<?xml version="1.0" encoding="UTF-8"?>
<!-- Generated by org.testng.reporters.JUnitReportReporter -->
<testsuite hostname="PSPLLAP32" failures="0" tests="5" name="chedr.Authtests" time="6.017" errors="0" timestamp="2026-06-19T13:13:03 IST" skipped="0">
  <testcase classname="chedr.Authtests" name="testopenapp" time="3.248"/>
  <testcase classname="chedr.Authtests" name="testlogin" time="1.269"/>
  <testcase classname="chedr.Authtests" name="getUsername" time="0.828"/>
  <testcase classname="chedr.Authtests" name="testlogout" time="0.376"/>
  <testcase classname="chedr.Authtests" name="testquit" time="0.296"/>
</testsuite> <!-- chedr.Authtests -->
